# JRE version: Java(TM) SE Runtime Environment (8.0_101-b13) (build 1.8.0_101-b13)
# Java VM: Java HotSpot(TM) 64-Bit Server VM (25.101-b13 mixed mode windows-amd64 compressed oops)
Heap:
 PSYoungGen      total 206848K, used 29570K [0x00000000eb000000, 0x00000000feb00000, 0x0000000100000000)
  eden space 194560K, 8% used [0x00000000eb000000,0x00000000ec0e48e0,0x00000000f6e00000)
  from space 12288K, 99% used [0x00000000f6e00000,0x00000000f79fc158,0x00000000f7a00000)
  to   space 17920K, 0% used [0x00000000fd980000,0x00000000fd980000,0x00000000feb00000)
 ParOldGen       total 42496K, used 27699K [0x00000000c1000000, 0x00000000c3980000, 0x00000000eb000000)
  object space 42496K, 65% used [0x00000000c1000000,0x00000000c2b0ccf0,0x00000000c3980000)
 Metaspace       used 53532K, capacity 56426K, committed 56704K, reserved 1097728K
  class space    used 7445K, capacity 7974K, committed 8064K, reserved 1048576K
GC Heap History (10 events):
Event: 3.708 GC heap before
{Heap before GC invocations=9 (full 1):
 PSYoungGen      total 135680K, used 3061K [0x00000000eb000000, 0x00000000f3c00000, 0x0000000100000000)
  eden space 129024K, 0% used [0x00000000eb000000,0x00000000eb000000,0x00000000f2e00000)
  from space 6656K, 45% used [0x00000000f3580000,0x00000000f387d6d0,0x00000000f3c00000)
  to   space 7168K, 0% used [0x00000000f2e00000,0x00000000f2e00000,0x00000000f3500000)
 ParOldGen       total 44032K, used 6869K [0x00000000c1000000, 0x00000000c3b00000, 0x00000000eb000000)
  object space 44032K, 15% used [0x00000000c1000000,0x00000000c16b54d0,0x00000000c3b00000)
 Metaspace       used 20577K, capacity 21270K, committed 21296K, reserved 1067008K
  class space    used 2720K, capacity 2921K, committed 2944K, reserved 1048576K
Event: 3.770 GC heap after
Heap after GC invocations=9 (full 1):
 PSYoungGen      total 135680K, used 0K [0x00000000eb000000, 0x00000000f3c00000, 0x0000000100000000)
  eden space 129024K, 0% used [0x00000000eb000000,0x00000000eb000000,0x00000000f2e00000)
  from space 6656K, 0% used [0x00000000f3580000,0x00000000f3580000,0x00000000f3c00000)
  to   space 7168K, 0% used [0x00000000f2e00000,0x00000000f2e00000,0x00000000f3500000)
 ParOldGen       total 26624K, used 5260K [0x00000000c1000000, 0x00000000c2a00000, 0x00000000eb000000)
  object space 26624K, 19% used [0x00000000c1000000,0x00000000c1523238,0x00000000c2a00000)
 Metaspace       used 20576K, capacity 21264K, committed 21296K, reserved 1067008K
  class space    used 2719K, capacity 2920K, committed 2944K, reserved 1048576K
}
Event: 7.247 GC heap before
{Heap before GC invocations=10 (full 1):
 PSYoungGen      total 135680K, used 128982K [0x00000000eb000000, 0x00000000f3c00000, 0x0000000100000000)
  eden space 129024K, 99% used [0x00000000eb000000,0x00000000f2df5b70,0x00000000f2e00000)
  from space 6656K, 0% used [0x00000000f3580000,0x00000000f3580000,0x00000000f3c00000)
  to   space 7168K, 0% used [0x00000000f2e00000,0x00000000f2e00000,0x00000000f3500000)
 ParOldGen       total 26624K, used 5260K [0x00000000c1000000, 0x00000000c2a00000, 0x00000000eb000000)
  object space 26624K, 19% used [0x00000000c1000000,0x00000000c1523238,0x00000000c2a00000)
 Metaspace       used 27481K, capacity 29184K, committed 29440K, reserved 1075200K
  class space    used 3752K, capacity 4058K, committed 4096K, reserved 1048576K
Event: 7.268 GC heap after
Heap after GC invocations=10 (full 1):
 PSYoungGen      total 136192K, used 7147K [0x00000000eb000000, 0x00000000f8480000, 0x0000000100000000)
  eden space 129024K, 0% used [0x00000000eb000000,0x00000000eb000000,0x00000000f2e00000)
  from space 7168K, 99% used [0x00000000f2e00000,0x00000000f34fac08,0x00000000f3500000)
  to   space 10240K, 0% used [0x00000000f7a80000,0x00000000f7a80000,0x00000000f8480000)
 ParOldGen       total 26624K, used 9944K [0x00000000c1000000, 0x00000000c2a00000, 0x00000000eb000000)
  object space 26624K, 37% used [0x00000000c1000000,0x00000000c19b6030,0x00000000c2a00000)
 Metaspace       used 27481K, capacity 29184K, committed 29440K, reserved 1075200K
  class space    used 3752K, capacity 4058K, committed 4096K, reserved 1048576K
}
Event: 8.706 GC heap before
{Heap before GC invocations=11 (full 1):
 PSYoungGen      total 136192K, used 112327K [0x00000000eb000000, 0x00000000f8480000, 0x0000000100000000)
  eden space 129024K, 81% used [0x00000000eb000000,0x00000000f16b73c8,0x00000000f2e00000)
  from space 7168K, 99% used [0x00000000f2e00000,0x00000000f34fac08,0x00000000f3500000)
  to   space 10240K, 0% used [0x00000000f7a80000,0x00000000f7a80000,0x00000000f8480000)
 ParOldGen       total 26624K, used 9944K [0x00000000c1000000, 0x00000000c2a00000, 0x00000000eb000000)
  object space 26624K, 37% used [0x00000000c1000000,0x00000000c19b6030,0x00000000c2a00000)
 Metaspace       used 33660K, capacity 35404K, committed 35496K, reserved 1079296K
  class space    used 4727K, capacity 5040K, committed 5120K, reserved 1048576K
Event: 8.728 GC heap after
Heap after GC invocations=11 (full 1):
 PSYoungGen      total 204800K, used 10209K [0x00000000eb000000, 0x00000000f8600000, 0x0000000100000000)
  eden space 194560K, 0% used [0x00000000eb000000,0x00000000eb000000,0x00000000f6e00000)
  from space 10240K, 99% used [0x00000000f7a80000,0x00000000f84787f0,0x00000000f8480000)
  to   space 12288K, 0% used [0x00000000f6e00000,0x00000000f6e00000,0x00000000f7a00000)
 ParOldGen       total 26624K, used 11379K [0x00000000c1000000, 0x00000000c2a00000, 0x00000000eb000000)
  object space 26624K, 42% used [0x00000000c1000000,0x00000000c1b1cee8,0x00000000c2a00000)
 Metaspace       used 33660K, capacity 35404K, committed 35496K, reserved 1079296K
  class space    used 4727K, capacity 5040K, committed 5120K, reserved 1048576K
}
Event: 8.728 GC heap before
{Heap before GC invocations=12 (full 2):
 PSYoungGen      total 204800K, used 10209K [0x00000000eb000000, 0x00000000f8600000, 0x0000000100000000)
  eden space 194560K, 0% used [0x00000000eb000000,0x00000000eb000000,0x00000000f6e00000)
  from space 10240K, 99% used [0x00000000f7a80000,0x00000000f84787f0,0x00000000f8480000)
  to   space 12288K, 0% used [0x00000000f6e00000,0x00000000f6e00000,0x00000000f7a00000)
 ParOldGen       total 26624K, used 11379K [0x00000000c1000000, 0x00000000c2a00000, 0x00000000eb000000)
  object space 26624K, 42% used [0x00000000c1000000,0x00000000c1b1cee8,0x00000000c2a00000)
 Metaspace       used 33660K, capacity 35404K, committed 35496K, reserved 1079296K
  class space    used 4727K, capacity 5040K, committed 5120K, reserved 1048576K
Event: 8.823 GC heap after
Heap after GC invocations=12 (full 2):
 PSYoungGen      total 204800K, used 0K [0x00000000eb000000, 0x00000000f8600000, 0x0000000100000000)
  eden space 194560K, 0% used [0x00000000eb000000,0x00000000eb000000,0x00000000f6e00000)
  from space 10240K, 0% used [0x00000000f7a80000,0x00000000f7a80000,0x00000000f8480000)
  to   space 12288K, 0% used [0x00000000f6e00000,0x00000000f6e00000,0x00000000f7a00000)
 ParOldGen       total 42496K, used 16429K [0x00000000c1000000, 0x00000000c3980000, 0x00000000eb000000)
  object space 42496K, 38% used [0x00000000c1000000,0x00000000c200b620,0x00000000c3980000)
 Metaspace       used 33660K, capacity 35404K, committed 35496K, reserved 1079296K
  class space    used 4727K, capacity 5040K, committed 5120K, reserved 1048576K
}
Event: 383.341 GC heap before
{Heap before GC invocations=13 (full 2):
 PSYoungGen      total 204800K, used 194560K [0x00000000eb000000, 0x00000000f8600000, 0x0000000100000000)
  eden space 194560K, 100% used [0x00000000eb000000,0x00000000f6e00000,0x00000000f6e00000)
  from space 10240K, 0% used [0x00000000f7a80000,0x00000000f7a80000,0x00000000f8480000)
  to   space 12288K, 0% used [0x00000000f6e00000,0x00000000f6e00000,0x00000000f7a00000)
 ParOldGen       total 42496K, used 16429K [0x00000000c1000000, 0x00000000c3980000, 0x00000000eb000000)
  object space 42496K, 38% used [0x00000000c1000000,0x00000000c200b620,0x00000000c3980000)
 Metaspace       used 53519K, capacity 56362K, committed 56704K, reserved 1097728K
  class space    used 7445K, capacity 7974K, committed 8064K, reserved 1048576K
Event: 383.408 GC heap after
Heap after GC invocations=13 (full 2):
 PSYoungGen      total 206848K, used 12272K [0x00000000eb000000, 0x00000000feb00000, 0x0000000100000000)
  eden space 194560K, 0% used [0x00000000eb000000,0x00000000eb000000,0x00000000f6e00000)
  from space 12288K, 99% used [0x00000000f6e00000,0x00000000f79fc158,0x00000000f7a00000)
  to   space 17920K, 0% used [0x00000000fd980000,0x00000000fd980000,0x00000000feb00000)
 ParOldGen       total 42496K, used 27699K [0x00000000c1000000, 0x00000000c3980000, 0x00000000eb000000)
  object space 42496K, 65% used [0x00000000c1000000,0x00000000c2b0ccf0,0x00000000c3980000)
 Metaspace       used 53519K, capacity 56362K, committed 56704K, reserved 1097728K
  class space    used 7445K, capacity 7974K, committed 8064K, reserved 1048576K
}

