# JRE version: Java(TM) SE Runtime Environment (8.0_101-b13) (build 1.8.0_101-b13)
# Java VM: Java HotSpot(TM) 64-Bit Server VM (25.101-b13 mixed mode windows-amd64 compressed oops)
Heap:
 PSYoungGen      total 164352K, used 56825K [0x00000000eb000000, 0x00000000f9980000, 0x0000000100000000)
  eden space 153088K, 29% used [0x00000000eb000000,0x00000000edc81d10,0x00000000f4580000)
  from space 11264K, 99% used [0x00000000f4580000,0x00000000f507cab8,0x00000000f5080000)
  to   space 16896K, 0% used [0x00000000f8900000,0x00000000f8900000,0x00000000f9980000)
 ParOldGen       total 47616K, used 26811K [0x00000000c1000000, 0x00000000c3e80000, 0x00000000eb000000)
  object space 47616K, 56% used [0x00000000c1000000,0x00000000c2a2ed78,0x00000000c3e80000)
 Metaspace       used 53614K, capacity 56596K, committed 56704K, reserved 1097728K
  class space    used 7459K, capacity 8001K, committed 8064K, reserved 1048576K
GC Heap History (10 events):
Event: 3.844 GC heap before
{Heap before GC invocations=9 (full 1):
 PSYoungGen      total 71168K, used 64512K [0x00000000eb000000, 0x00000000f3d00000, 0x0000000100000000)
  eden space 64512K, 100% used [0x00000000eb000000,0x00000000eef00000,0x00000000eef00000)
  from space 6656K, 0% used [0x00000000eef00000,0x00000000eef00000,0x00000000ef580000)
  to   space 7680K, 0% used [0x00000000f3580000,0x00000000f3580000,0x00000000f3d00000)
 ParOldGen       total 31744K, used 8132K [0x00000000c1000000, 0x00000000c2f00000, 0x00000000eb000000)
  object space 31744K, 25% used [0x00000000c1000000,0x00000000c17f1020,0x00000000c2f00000)
 Metaspace       used 23359K, capacity 24510K, committed 24704K, reserved 1071104K
  class space    used 3164K, capacity 3413K, committed 3456K, reserved 1048576K
Event: 3.857 GC heap after
Heap after GC invocations=9 (full 1):
 PSYoungGen      total 116736K, used 5853K [0x00000000eb000000, 0x00000000f3b80000, 0x0000000100000000)
  eden space 110592K, 0% used [0x00000000eb000000,0x00000000eb000000,0x00000000f1c00000)
  from space 6144K, 95% used [0x00000000f3580000,0x00000000f3b37680,0x00000000f3b80000)
  to   space 7680K, 0% used [0x00000000f2c80000,0x00000000f2c80000,0x00000000f3400000)
 ParOldGen       total 31744K, used 8140K [0x00000000c1000000, 0x00000000c2f00000, 0x00000000eb000000)
  object space 31744K, 25% used [0x00000000c1000000,0x00000000c17f3020,0x00000000c2f00000)
 Metaspace       used 23359K, capacity 24510K, committed 24704K, reserved 1071104K
  class space    used 3164K, capacity 3413K, committed 3456K, reserved 1048576K
}
Event: 5.127 GC heap before
{Heap before GC invocations=10 (full 1):
 PSYoungGen      total 116736K, used 116445K [0x00000000eb000000, 0x00000000f3b80000, 0x0000000100000000)
  eden space 110592K, 100% used [0x00000000eb000000,0x00000000f1c00000,0x00000000f1c00000)
  from space 6144K, 95% used [0x00000000f3580000,0x00000000f3b37680,0x00000000f3b80000)
  to   space 7680K, 0% used [0x00000000f2c80000,0x00000000f2c80000,0x00000000f3400000)
 ParOldGen       total 31744K, used 8140K [0x00000000c1000000, 0x00000000c2f00000, 0x00000000eb000000)
  object space 31744K, 25% used [0x00000000c1000000,0x00000000c17f3020,0x00000000c2f00000)
 Metaspace       used 28092K, capacity 29834K, committed 30080K, reserved 1075200K
  class space    used 3816K, capacity 4136K, committed 4224K, reserved 1048576K
Event: 5.141 GC heap after
Heap after GC invocations=10 (full 1):
 PSYoungGen      total 135168K, used 7648K [0x00000000eb000000, 0x00000000f5980000, 0x0000000100000000)
  eden space 127488K, 0% used [0x00000000eb000000,0x00000000eb000000,0x00000000f2c80000)
  from space 7680K, 99% used [0x00000000f2c80000,0x00000000f33f8230,0x00000000f3400000)
  to   space 9216K, 0% used [0x00000000f5080000,0x00000000f5080000,0x00000000f5980000)
 ParOldGen       total 31744K, used 9639K [0x00000000c1000000, 0x00000000c2f00000, 0x00000000eb000000)
  object space 31744K, 30% used [0x00000000c1000000,0x00000000c1969dc0,0x00000000c2f00000)
 Metaspace       used 28092K, capacity 29834K, committed 30080K, reserved 1075200K
  class space    used 3816K, capacity 4136K, committed 4224K, reserved 1048576K
}
Event: 6.021 GC heap before
{Heap before GC invocations=11 (full 1):
 PSYoungGen      total 135168K, used 70427K [0x00000000eb000000, 0x00000000f5980000, 0x0000000100000000)
  eden space 127488K, 49% used [0x00000000eb000000,0x00000000eed4eaf0,0x00000000f2c80000)
  from space 7680K, 99% used [0x00000000f2c80000,0x00000000f33f8230,0x00000000f3400000)
  to   space 9216K, 0% used [0x00000000f5080000,0x00000000f5080000,0x00000000f5980000)
 ParOldGen       total 31744K, used 9639K [0x00000000c1000000, 0x00000000c2f00000, 0x00000000eb000000)
  object space 31744K, 30% used [0x00000000c1000000,0x00000000c1969dc0,0x00000000c2f00000)
 Metaspace       used 33613K, capacity 35386K, committed 35496K, reserved 1079296K
  class space    used 4724K, capacity 5050K, committed 5120K, reserved 1048576K
Event: 6.039 GC heap after
Heap after GC invocations=11 (full 1):
 PSYoungGen      total 162304K, used 9200K [0x00000000eb000000, 0x00000000f7200000, 0x0000000100000000)
  eden space 153088K, 0% used [0x00000000eb000000,0x00000000eb000000,0x00000000f4580000)
  from space 9216K, 99% used [0x00000000f5080000,0x00000000f597c3f0,0x00000000f5980000)
  to   space 11264K, 0% used [0x00000000f4580000,0x00000000f4580000,0x00000000f5080000)
 ParOldGen       total 31744K, used 11551K [0x00000000c1000000, 0x00000000c2f00000, 0x00000000eb000000)
  object space 31744K, 36% used [0x00000000c1000000,0x00000000c1b47dd0,0x00000000c2f00000)
 Metaspace       used 33613K, capacity 35386K, committed 35496K, reserved 1079296K
  class space    used 4724K, capacity 5050K, committed 5120K, reserved 1048576K
}
Event: 6.039 GC heap before
{Heap before GC invocations=12 (full 2):
 PSYoungGen      total 162304K, used 9200K [0x00000000eb000000, 0x00000000f7200000, 0x0000000100000000)
  eden space 153088K, 0% used [0x00000000eb000000,0x00000000eb000000,0x00000000f4580000)
  from space 9216K, 99% used [0x00000000f5080000,0x00000000f597c3f0,0x00000000f5980000)
  to   space 11264K, 0% used [0x00000000f4580000,0x00000000f4580000,0x00000000f5080000)
 ParOldGen       total 31744K, used 11551K [0x00000000c1000000, 0x00000000c2f00000, 0x00000000eb000000)
  object space 31744K, 36% used [0x00000000c1000000,0x00000000c1b47dd0,0x00000000c2f00000)
 Metaspace       used 33613K, capacity 35386K, committed 35496K, reserved 1079296K
  class space    used 4724K, capacity 5050K, committed 5120K, reserved 1048576K
Event: 6.124 GC heap after
Heap after GC invocations=12 (full 2):
 PSYoungGen      total 162304K, used 0K [0x00000000eb000000, 0x00000000f7200000, 0x0000000100000000)
  eden space 153088K, 0% used [0x00000000eb000000,0x00000000eb000000,0x00000000f4580000)
  from space 9216K, 0% used [0x00000000f5080000,0x00000000f5080000,0x00000000f5980000)
  to   space 11264K, 0% used [0x00000000f4580000,0x00000000f4580000,0x00000000f5080000)
 ParOldGen       total 47616K, used 15935K [0x00000000c1000000, 0x00000000c3e80000, 0x00000000eb000000)
  object space 47616K, 33% used [0x00000000c1000000,0x00000000c1f8ffe8,0x00000000c3e80000)
 Metaspace       used 33613K, capacity 35386K, committed 35496K, reserved 1079296K
  class space    used 4724K, capacity 5050K, committed 5120K, reserved 1048576K
}
Event: 9.951 GC heap before
{Heap before GC invocations=13 (full 2):
 PSYoungGen      total 162304K, used 153088K [0x00000000eb000000, 0x00000000f7200000, 0x0000000100000000)
  eden space 153088K, 100% used [0x00000000eb000000,0x00000000f4580000,0x00000000f4580000)
  from space 9216K, 0% used [0x00000000f5080000,0x00000000f5080000,0x00000000f5980000)
  to   space 11264K, 0% used [0x00000000f4580000,0x00000000f4580000,0x00000000f5080000)
 ParOldGen       total 47616K, used 15935K [0x00000000c1000000, 0x00000000c3e80000, 0x00000000eb000000)
  object space 47616K, 33% used [0x00000000c1000000,0x00000000c1f8ffe8,0x00000000c3e80000)
 Metaspace       used 51467K, capacity 54356K, committed 54656K, reserved 1095680K
  class space    used 7192K, capacity 7703K, committed 7808K, reserved 1048576K
Event: 10.005 GC heap after
Heap after GC invocations=13 (full 2):
 PSYoungGen      total 164352K, used 11250K [0x00000000eb000000, 0x00000000f9980000, 0x0000000100000000)
  eden space 153088K, 0% used [0x00000000eb000000,0x00000000eb000000,0x00000000f4580000)
  from space 11264K, 99% used [0x00000000f4580000,0x00000000f507cab8,0x00000000f5080000)
  to   space 16896K, 0% used [0x00000000f8900000,0x00000000f8900000,0x00000000f9980000)
 ParOldGen       total 47616K, used 26811K [0x00000000c1000000, 0x00000000c3e80000, 0x00000000eb000000)
  object space 47616K, 56% used [0x00000000c1000000,0x00000000c2a2ed78,0x00000000c3e80000)
 Metaspace       used 51467K, capacity 54356K, committed 54656K, reserved 1095680K
  class space    used 7192K, capacity 7703K, committed 7808K, reserved 1048576K
}

